modules/expo-driver-location/android/build/intermediates/manifest_merge_blame_file/debug/processDebugManifest/manifest-merger-blame-debug-report.txt
1<?xml version="1.0" encoding="utf-8"?>
2<manifest xmlns:android="http://schemas.android.com/apk/res/android"
3    package="expo.modules.driverlocation" >
4
5    <uses-sdk android:minSdkVersion="24" />
6
7    <uses-permission android:name="android.permission.ACCESS_COARSE_LOCATION" />
7-->src/main/AndroidManifest.xml:2:3-79
7-->src/main/AndroidManifest.xml:2:20-76
8    <uses-permission android:name="android.permission.ACCESS_FINE_LOCATION" />
8-->src/main/AndroidManifest.xml:3:3-77
8-->src/main/AndroidManifest.xml:3:20-74
9    <uses-permission android:name="android.permission.ACCESS_BACKGROUND_LOCATION" />
9-->src/main/AndroidManifest.xml:4:3-83
9-->src/main/AndroidManifest.xml:4:20-80
10    <uses-permission android:name="android.permission.FOREGROUND_SERVICE" />
10-->src/main/AndroidManifest.xml:5:3-75
10-->src/main/AndroidManifest.xml:5:20-72
11    <uses-permission android:name="android.permission.FOREGROUND_SERVICE_LOCATION" />
11-->src/main/AndroidManifest.xml:6:3-84
11-->src/main/AndroidManifest.xml:6:20-81
12
13    <application>
13-->src/main/AndroidManifest.xml:8:3-14:17
14        <service
14-->src/main/AndroidManifest.xml:9:5-13:50
15            android:name="expo.modules.driverlocation.DriverLocationService"
15-->src/main/AndroidManifest.xml:10:7-71
16            android:exported="false"
16-->src/main/AndroidManifest.xml:11:7-31
17            android:foregroundServiceType="location"
17-->src/main/AndroidManifest.xml:13:7-47
18            android:stopWithTask="false" />
18-->src/main/AndroidManifest.xml:12:7-35
19    </application>
20
21</manifest>